<?xml version="1.0" encoding="UTF-8"?>
<!-- Generated by org.testng.reporters.JUnitReportReporter -->
<testsuite skipped="0" hostname="DESKTOP-K0PNLO1" name="com.qa.testcases.CreateAccountTest" tests="1" failures="0" timestamp="2020-05-18T09:54:54 IST" time="13.267" errors="0">
  <testcase name="createAccountTest" time="13.267" classname="com.qa.testcases.CreateAccountTest"/>
  <system-out/>
</testsuite> <!-- com.qa.testcases.CreateAccountTest -->
