<?xml version="1.0" encoding="UTF-8"?>
<!-- Generated by org.testng.reporters.JUnitReportReporter -->
<testsuite skipped="0" hostname="DESKTOP-K0PNLO1" name="com.qa.testcases.LoginTest" tests="1" failures="0" timestamp="2020-05-18T09:54:54 IST" time="4.014" errors="0">
  <testcase name="loginTest" time="4.014" classname="com.qa.testcases.LoginTest"/>
  <system-out/>
</testsuite> <!-- com.qa.testcases.LoginTest -->
